  iri.cpp
C:\vs\iri\iri\iri.cpp(16,31): warning C4305: 'initializing': truncation from 'double' to 'const float'
C:\vs\iri\iri\iri.cpp(41,34): warning C4129: 'c': unrecognized character escape sequence
C:\vs\iri\iri\iri.cpp(68,44): warning C4129: 'p': unrecognized character escape sequence
C:\vs\iri\iri\iri.cpp(68,58): warning C4129: 'p': unrecognized character escape sequence
C:\vs\iri\iri\iri.cpp(115,73): warning C4244: 'argument': conversion from '_Tp' to '_Tp', possible loss of data
C:\vs\iri\iri\iri.cpp(115,73): warning C4244:         with
C:\vs\iri\iri\iri.cpp(115,73): warning C4244:         [
C:\vs\iri\iri\iri.cpp(115,73): warning C4244:             _Tp=float
C:\vs\iri\iri\iri.cpp(115,73): warning C4244:         ]
C:\vs\iri\iri\iri.cpp(115,73): warning C4244:         and
C:\vs\iri\iri\iri.cpp(115,73): warning C4244:         [
C:\vs\iri\iri\iri.cpp(115,73): warning C4244:             _Tp=int
C:\vs\iri\iri\iri.cpp(115,73): warning C4244:         ]
C:\vs\iri\iri\iri.cpp(115,66): warning C4244: 'argument': conversion from '_Tp' to '_Tp', possible loss of data
C:\vs\iri\iri\iri.cpp(115,66): warning C4244:         with
C:\vs\iri\iri\iri.cpp(115,66): warning C4244:         [
C:\vs\iri\iri\iri.cpp(115,66): warning C4244:             _Tp=float
C:\vs\iri\iri\iri.cpp(115,66): warning C4244:         ]
C:\vs\iri\iri\iri.cpp(115,66): warning C4244:         and
C:\vs\iri\iri\iri.cpp(115,66): warning C4244:         [
C:\vs\iri\iri\iri.cpp(115,66): warning C4244:             _Tp=int
C:\vs\iri\iri\iri.cpp(115,66): warning C4244:         ]
C:\vs\iri\iri\iri.cpp(115,48): warning C4244: 'argument': conversion from 'double' to '_Tp', possible loss of data
C:\vs\iri\iri\iri.cpp(115,48): warning C4244:         with
C:\vs\iri\iri\iri.cpp(115,48): warning C4244:         [
C:\vs\iri\iri\iri.cpp(115,48): warning C4244:             _Tp=int
C:\vs\iri\iri\iri.cpp(115,48): warning C4244:         ]
C:\vs\iri\iri\iri.cpp(115,33): warning C4244: 'argument': conversion from '_Tp' to '_Tp', possible loss of data
C:\vs\iri\iri\iri.cpp(115,33): warning C4244:         with
C:\vs\iri\iri\iri.cpp(115,33): warning C4244:         [
C:\vs\iri\iri\iri.cpp(115,33): warning C4244:             _Tp=float
C:\vs\iri\iri\iri.cpp(115,33): warning C4244:         ]
C:\vs\iri\iri\iri.cpp(115,33): warning C4244:         and
C:\vs\iri\iri\iri.cpp(115,33): warning C4244:         [
C:\vs\iri\iri\iri.cpp(115,33): warning C4244:             _Tp=int
C:\vs\iri\iri\iri.cpp(115,33): warning C4244:         ]
  Generating code
  14 of 575 functions ( 2.4%) were compiled, the rest were copied from previous compilation.
    3 functions were new in current compilation
    60 functions had inline decision re-evaluated but remain unchanged
  Finished generating code
  iri.vcxproj -> C:\vs\iri\x64\Release\iri.exe
